<?xml version="1.0" encoding="UTF-8"?>
<!-- Generated by org.testng.reporters.JUnitReportReporter -->
<testsuite skipped="0" hostname="Rajib-Samsung" name="test.VerifyLoginTest" tests="1" failures="0" timestamp="02 Jun 2019 07:42:42 GMT" time="14.890" errors="0">
  <testcase name="loginTest" time="14.890" classname="test.VerifyLoginTest"/>
</testsuite> <!-- test.VerifyLoginTest -->
