<?xml version="1.0" encoding="UTF-8"?>
<!-- Generated by org.testng.reporters.JUnitReportReporter -->
<testsuite hostname="naseemr-Laptop" failures="0" tests="1" name="test.AddDepositTest" time="23.434" errors="0" timestamp="02 Jun 2019 14:18:36 GMT" skipped="0">
  <testcase classname="test.AddDepositTest" name="AddDepositToVeryfyDepositPosted" time="23.434"/>
</testsuite> <!-- test.AddDepositTest -->
