<?xml version="1.0" encoding="UTF-8"?>
<!-- Generated by org.testng.reporters.JUnitReportReporter -->
<testsuite skipped="0" hostname="Rajib-Samsung" name="test.AddNewTransactionTest" tests="1" failures="0" timestamp="02 Jun 2019 08:12:36 GMT" time="23.726" errors="0">
  <testcase name="navigateToTransaction" time="23.726" classname="test.AddNewTransactionTest"/>
</testsuite> <!-- test.AddNewTransactionTest -->
