<?xml version="1.0" encoding="UTF-8"?>
<!-- Generated by org.testng.reporters.JUnitReportReporter -->
<testsuite hostname="naseemr-Laptop" failures="0" tests="1" name="test.LoginTest" time="9.194" errors="0" timestamp="02 Jun 2019 14:03:04 GMT" skipped="0">
  <testcase classname="test.LoginTest" name="loginTest" time="9.194"/>
</testsuite> <!-- test.LoginTest -->
