<?xml version="1.0" encoding="UTF-8"?>
<!-- Generated by org.testng.reporters.JUnitReportReporter -->
<testsuite skipped="0" hostname="Rajib-Samsung" name="test.LoginTest" tests="1" failures="0" timestamp="02 Jun 2019 04:06:00 GMT" time="13.166" errors="0">
  <testcase name="loginTest" time="13.166" classname="test.LoginTest"/>
</testsuite> <!-- test.LoginTest -->
