<?xml version="1.0" encoding="UTF-8"?>
<!-- Generated by org.testng.reporters.JUnitReportReporter -->
<<<<<<< HEAD
<testsuite skipped="0" hostname="Rajib-Samsung" name="test.LoginTest" tests="1" failures="0" timestamp="02 Jun 2019 04:06:00 GMT" time="13.166" errors="0">
  <testcase name="loginTest" time="13.166" classname="test.LoginTest"/>
=======
<testsuite hostname="naseemr-Laptop" failures="0" tests="1" name="test.LoginTest" time="9.194" errors="0" timestamp="02 Jun 2019 14:03:04 GMT" skipped="0">
  <testcase classname="test.LoginTest" name="loginTest" time="9.194"/>
>>>>>>> branch 'master' of https://github.com/stinepurification/Session8TestNGFramework.git
</testsuite> <!-- test.LoginTest -->
